[INFO  - 2016-11-04T07:07:52.393Z] GhostDriver - Main - running on port 2168
[INFO  - 2016-11-04T07:07:52.975Z] Session [67467db0-a25d-11e6-a26f-6b690af466[INFO  - 2016-11-04T07:07:52.974Z] Session [674656a0-a25d-11e6-91a4-6bc4976c042e] - page.settings - {"XSSAuditingEnabled":false,"javascriptCanCloseWindows":true,"javascriptCanOpenWindows":true,"javascriptEnabled":true,"loadImages":true,"localToRemoteUrlAccessEnabled":false,"userAgent":"Mozilla/5.0 (Windows NT 6.2; WOW64) AppleWebKit/538.1[INFO  - 2016-11-04T07:07:52.975Z] Session [67467db0-a25d-11e6-a26f-6b690af466[INFO  - 2016-11-04T07:07:52.974[INFO  - 2016-11-04T07:07:52.975Z] Session [67467db0-a25d-11e6-a26f-6b690af466[INFO  - 2016-11-04T07:07:52.974Z] Session [674656a0-a25d-11e6-91a4-6bc4976c042e] - Session.negotiatedCapabilities - {"browserName":"phantomjs","version":"2.1.1","driverName":"ghostdriver","driverVersion":"1.2.0","platform":"windows-8.1-32bit","javascriptEnabled":true,"takesScreenshot":true,"handlesAlerts":false,"databaseEnabled":false,"locationContextEnabled":false,"applicationCacheEnabled":false,"browserConnectionEnabled":false,"cssSelectorsEnabled":true,"webStorageEnabled":false,"rotatable":fal[INFO  - 2016-11-04T07:07:52.975Z] SessionManagerReqHand - _postNewSessionComm[INFO  - 2016-11-04T07:07:52.975Z] SessionManagerReqHand - _post[INFO  - 2016-11-04T07:07:53.521Z] ShutdownReqHand - _handle - About to shutdo[INFO  - 2016-11-04T07:07:53.656Z] ShutdownReqHand - _handle - About to shutdown
[INFO  - 2016-11-04T07:12:03.348Z] GhostDriver - Main - running on port 37953
[INFO  - 2016-11-04T07:12:03.490Z] Session [fc97e4d0-a25d-11e6-8840-432852077bc2] - page.settings - {"XSSAuditingEnabled":false,"javascriptCanCloseWindows":true,"javascriptCanOpenWindows":true,"javascriptEnabled":true,"loadImages":true,"localToRemoteUrlAccessEnabled":false,"userAgent":"Mozilla/5.0 (Windows NT 6.2; WOW64) AppleWebKit/538.1 (KHTML, like Gecko) PhantomJS/2.1.1 Safari/538.1","webSecurityEnabled":true}
[INFO  - 2016-11-04T07:12:03.490Z] Session [fc97e4d0-a25d-11e6-8840-432852077bc2] - page.customHeaders:  - {}
[INFO  - 2016-11-04T07:12:03.490Z] Session [fc97e4d0-a25d-11e6-8840-432852077bc2] - Session.negotiatedCapabilities - {"browserName":"phantomjs","version":"2.1.1","driverName":"ghostdriver","driverVersion":"1.2.0","platform":"windows-8.1-32bit","javascriptEnabled":true,"takesScreenshot":true,"handlesAlerts":false,"databaseEnabled":false,"locationContextEnabled":false,"applicationCacheEnabled":false,"browserConnectionEnabled":false,"cssSelectorsEnabled":true,"webStorageEnabled":false,"rotatable":false,"acceptSslCerts":false,"nativeEvents":true,"proxy":{"proxyType":"direct"}}
[INFO  - 2016-11-04T07:12:03.490Z] SessionManagerReqHand - _postNewSessionCommand - New Session Created: fc97e4d0-a25d-11e6-8840-432852077bc2
[INFO  - 2016-11-04T07:12:04.142Z] ShutdownReqHand - _handle - About to shutdown
O  - 2016-11-04T07:12:04.009Z] ShutdownReqHand - _handle - About to shutdown
[INFO  - 2016-11-04T07:14:29.814Z] GhostDriver - Main - running on port 40382
[INFO  - 2016-11-04T07:14:29.943Z] Session [53e30030-a25e-11e6-8cf6-a52e183d69[INFO  - 2016-11-04T07:14:29.943Z] Session [53e30030-a25e-11e6-b67c-9fc224f1763f] - page.settings - {"XSSAuditingEnabled":false,"javascriptCanCloseWindows":true,"javascriptCanOpenWindows":true,"javascriptEnabled":true,"loadImages":true,"localToRemoteUrlAccessEnabled":false,"userAgent":"Mozilla/5.0 (Windows NT 6.2; WOW64) AppleWebKit/538.1 (KHTML, like Gecko) PhantomJS/2.1.1 Safari/538.1","webSecurityEnabled":true}
[INFO  - 2016-11-04T07:14:29.943[INFO  - 2016-11-04T07:14:29.943Z] Session [53e30030-a25e-11e6-8cf6-a52e183d69[INFO  - 2016-11-04T07:14:29.944Z] Session [53e30030-a25e-11e6-b67c-9fc224f1763f] - Session.negotiatedCapabilities - {"browserName":"phantomjs","version":"2.1.1","driverName":"ghostdriver","driverVersion":"1.2.0","platform":"windows-8.1-32bit","javascriptEnabled":true,"takesScreenshot":true,"handlesAlerts":false,"databaseEnabled":false,"locationContextEnabled":false,"applicationCacheEnabled":false,"browserConnectionEnabled":false,"cssSelectorsEnabled":true,"webStorageEnabled":false,"rotatable":fal[INFO  - 2016-11-04T07:14:29.943Z] SessionManagerReqHand - _postNewSessionComm[INFO  - 2016-11-04T07:14:29.944Z] SessionManagerReqHand - _post[INFO  - 2016-11-04T07:14:30.445Z] ShutdownReqHand - _handle - About to shutdo[INFO  - 2016-11-04T07:14:30.585Z] ShutdownReqHand - _handle - About to shutdown
[INFO  - 2016-11-04T07:15:35.840Z] GhostDriver - Main - running on port 20595
[INFO  - 2016-11-04T07:15:36.011Z] Session [7b440660-a25e-11e6-b9e2-2d22877ccde3] - page.settings - {"XSSAuditingEnabled":false,"javascriptCanCloseWindows":true,"javascriptCanOpenWindows":true,"javascriptEnabled":true,"loadImages":true,"localToRemoteUrlAccessEnabled":false,"userAgent":"Mozilla/5.0 (Windows NT 6.2; WOW64) AppleWebKit/538.1 (KHTML, like Gecko) PhantomJS/2.1.1 Safari/538.1","webSecurityEnabled":true}
[INFO  - 2016-11-04T07:15:36.011Z] Session [7b440660-a25e-11e6-b9e2-2d22877ccde3] - page.customHeaders:  - {}
[INFO  - 2016-11-04T07:15:36.011Z] Session [7b440660-a25e-11e6-b9e2-2d22877ccde3] - Session.negotiatedCapabilities - {"browserName":"phantomjs","version":"2.1.1","driverName":"ghostdriver","driverVersion":"1.2.0","platform":"windows-8.1-32bit","javascriptEnabled":true,"takesScreenshot":true,"handlesAlerts":false,"databaseEnabled":false,"locationContextEnabled":false,"applicationCacheEnabled":false,"browserConnectionEnabled":false,"cssSelectorsEnabled":true,"webStorageEnabled":false,"rotatable":false,"acceptSslCerts":false,"nativeEvents":true,"proxy":{"proxyType":"direct"}}
[INFO  - 2016-11-04T07:15:36.011Z] SessionManagerReqHand - _postNewSessionCommand - New Session Created: 7b440660-a25e-11e6-b9e2-2d22877ccde3
[INFO  - 2016-11-04T07:15:36.538Z] ShutdownReqHand - _handle - About to shutdo[INFO  - 2016-11-04T07:15:36.779Z] ShutdownReqHand - _handle - About to shutdown
[INFO  - 2016-11-04T07:16:54.297Z] GhostDriver - Main - running on port 10157
[INFO  - 2016-11-04T07:16:54.424Z] Session [aa00e630-a25e-11e6-b7e5-d9925b8a2800] - page.settings - {"XSSAuditingEnabled":false,"javascriptCanCloseWindows":true,"javascriptCanOpenWindows":true,"javascriptEnabled":true,"loadImages":true,"localToRemoteUrlAccessEnabled":false,"userAgent":"Mozilla/5.0 (Windows NT 6.2; WOW64) AppleWebKit/538.1 (KHTML, like Gecko) PhantomJS/2.1.1 Safari/538.1","webSecurityEnabled":true}
[INFO  - 2016-11-04T07:16:54.424Z] Session [aa00e630-a25e-11e6-b7e5-d9925b8a2800] - page.customHeaders:  - {}
[INFO  - 2016-11-04T07:16:54.424Z] Session [aa00e630-a25e-11e6-b7e5-d9925b8a2800] - Session.negotiatedCapabilities - {"browserName":"phantomjs","version":"2.1.1","driverName":"ghostdriver","driverVersion":"1.2.0","platform":"windows-8.1-32bit","javascriptEnabled":true,"takesScreenshot":true,"handlesAlerts":false,"databaseEnabled":false,"locationContextEnabled":false,"applicationCacheEnabled":false,"browserConnectionEnabled":false,"cssSelectorsEnabled":true,"webStorageEnabled":false,"rotatable":false,"acceptSslCerts":false,"nativeEvents":true,"proxy":{"proxyType":"direct"}}
[INFO  - 2016-11-04T07:16:54.424Z] SessionManagerReqHand - _postNewSessionCommand - New Session Created: aa00e630-a25e-11e6-b7e5-d9925b8a2800
[INFO  - 2016-11-04T07:16:54.967Z] ShutdownReqHand - _handle - About to shutdo[INFO  - 2016-11-04T07:16:55.150Z] ShutdownReqHand - _handle - About to shutdown
[INFO  - 2016-11-04T07:21:04.584Z] GhostDriver - Main - running on port 31569
[INFO  - 2016-11-04T07:21:04.770Z] Session [3f38aad0-a25f-11e6-a783-597fab9aae25] - page.settings - {"XSSAuditingEnabled":false,"javascriptCanCloseWindows":true,"javascriptCanOpenWindows":true,"javascriptEnabled":true,"loadImages":true,"localToRemoteUrlAccessEnabled":false,"userAgent":"Mozilla/5.0 (Windows NT 6.2; WOW64) AppleWebKit/538.1 (KHTML, like Gecko) PhantomJS/2.1.1 Safari/538.1","webSecurityEnabled":true}
[INFO  - 2016-11-04T07:21:04.770Z] Session [3f38aad0-a25f-11e6-a783-597fab9aae25] - page.customHeaders:  - {}
[INFO  - 2016-11-04T07:21:04.770Z] Session [3f38aad0-a25f-11e6-a783-597fab9aae25] - Session.negotiatedCapabilities - {"browserName":"phantomjs","version":"2.1.1","driverName":"ghostdriver","driverVersion":"1.2.0","platform":"windows-8.1-32bit","javascriptEnabled":true,"takesScreenshot":true,"handlesAlerts":false,"databaseEnabled":false,"locationContextEnabled":false,"applicationCacheEnabled":false,"browserConnectionEnabled":false,"cssSelectorsEnabled":true,"webStorageEnabled":false,"rotatable":false,"acceptSslCerts":false,"nativeEvents":true,"proxy":{"proxyType":"direct"}}
[INFO  - 2016-11-04T07:21:04.771Z] SessionManagerReqHand - _postNewSessionCommand - New Session Created: 3f38aad0-a25f-11e6-a783-597fab9aae25
[INFO  - 2016-11-04T07:21:05.300Z] ShutdownReqHand - _handle - About to shutdo[INFO  - 2016-11-04T07:26:04.648Z] SessionManagerReqHand - _cleanupWindowlessSessions - Asynchronous Sessions clean-up phase starting NOW
[INFO  - 2016-11-04T07:31:04.658Z] SessionManagerReqHand - _cleanupWindowlessSessions - Asynchronous Sessions clean-up phase starting NOW
[INFO  - 2016-11-04T07:36:04.672Z] SessionManagerReqHand - _cleanupWindowlessSessions - Asynchronous Sessions clean-up phase starting NOW
[INFO  - 2016-11-04T07:41:04.673Z] SessionManagerReqHand - _cleanupWindowlessSessions - Asynchronous Sessions clean-up phase starting NOW
[INFO  - 2016-11-04T07:46:04.673Z] SessionManagerReqHand - _cleanupWindowlessSessions - Asynchronous Sessions clean-up phase starting NOW
[INFO  - 2016-11-04T07:51:04.673Z] SessionManagerReqHand - _cleanupWindowlessSessions - Asynchronous Sessions clean-up phase starting NOW
[INFO  - 2016-11-04T07:56:04.673Z] SessionManagerReqHand - _cleanupWindowlessSessions - Asynchronous Sessions clean-up phase starting NOW
[INFO  - 2016-11-04T08:01:04.673Z] SessionManagerReqHand - _cleanupWindowlessSessions - Asynchronous Sessions clean-up phase starting NOW
[INFO  - 2016-11-04T08:06:04.673Z] SessionManagerReqHand - _cleanupWindowlessSessions - Asynchronous Sessions clean-up phase starting NOW
[INFO  - 2016-11-04T08:11:04.673Z] SessionManagerReqHand - _cleanupWindowlessSessions - Asynchronous Sessions clean-up phase starting NOW
[INFO  - 2016-11-04T08:16:04.674Z] SessionManagerReqHand - _cleanupWindowlessSessions - Asynchronous Sessions clean-up phase starting NOW
916Z] GhostDriver - Main - running on port 16368
[INFO  - 2016-11-04T07:24:56.068Z] Session [c915f0f0-a25f-11e6-a58b-c1ca48d1aed9] - page.settings - {"XSSAuditingEnabled":false,"javascriptCanCloseWindows":true,"javascriptCanOpenWindows":true,"javascriptEnabled":true,"loadImages":true,"localToRemoteUrlAccessEnabled":false,"userAgent":"Mozilla/5.0 (Windows NT 6.2; WOW64) AppleWebKit/538.1 (KHTML, like Gecko) PhantomJS/2.1.1 Safari/538.1","webSecurityEnabled":true}
[INFO  - 2016-11-04T07:24:56.068Z] Session [c915f0f0-a25f-11e6-a58b-c1ca48d1aed9] - page.customHeaders:  - {}
[INFO  - 2016-11-04T07:24:56.068Z] Session [c915f0f0-a25f-11e6-a58b-c1ca48d1aed9] - Session.negotiatedCapabilities - {"browserName":"phantomjs","version":"2.1.1","driverName":"ghostdriver","driverVersion":"1.2.0","platform":"windows-8.1-32bit","javascriptEnabled":true,"takesScreenshot":true,"handlesAlerts":false,"databaseEnabled":false,"locationContextEnabled":false,"applicationCacheEnabled":false,"browserConnectionEnabled":false,"cssSelectorsEnabled":true,"webStorageEnabled":false,"rotatable":false,"acceptSslCerts":false,"nativeEvents":true,"proxy":{"proxyType":"direct"}}
[INFO  - 2016-11-04T07:24:56.068Z] SessionManagerReqHand - _postNewSessionCommand - New Session Created: c915f0f0-a25f-11e6-a58b-c1ca48d1aed9
[INFO  - 2016-11-04T07:24:56.632Z] ShutdownReqHand - _handle - About to shutdo[INFO  - 2016-11-04T07:24:57.920Z] ShutdownReqHand - _handle - About to shutdown
[INFO  - 2016-11-04T07:27:25.935Z] GhostDriver - Main - running on port 34270
[INFO  - 2016-11-04T07:27:26.013Z] Session [2275bb80-a260-11e6-be72-734cd2930c[INFO  - 2016-11-04T07:27:26.463Z] Session [22ba3e90-a260-11e6-83d4-9b7f66fd901f] - page.settings - {"XSSAuditingEnabled":false,"javascriptCanCloseWindows":true,"javascriptCanOpenWindows":true,"javascriptEnabled":true,"loadImages":true,"localToRemoteUrlAccessEnabled":false,"userAgent":"Mozilla/5.0 (Windows NT 6.2; WOW64) AppleWebKit/538.1 (KHTML, like Gecko) PhantomJS/2.1.1 Safari/538.1","webSecurityEnabled":true}
[INFO  - 2016-11-04T07:27:26.463Z] Session [22ba3e90-a260-11e6-83d4-9b7f66fd901f] - page.customHeaders:  - {}
[INFO  - 2016-11-04T07:27:26.463Z] Session [22ba3e90-a260-11e6-83d4-9b7f66fd901f] - Session.negotiatedCapabilities - {"browserName":"phantomjs","version":"2.1.1","driverName":"ghostdriver","driverVersion":"1.2.0","platform":"windows-8.1-32bit","javascriptEnabled":true,"takesScreenshot":true,"handlesAlerts":false,"databaseEnabled":false,"locationContextEnabled":false,"applicationCacheEnabled":false,"browserConnectionEnabled":false,"cssSelectorsEnabled":true,"webStorageEnabled":false,"rotatable":false,"acceptSslCerts":false,"nativeEvents":true,"proxy":{"proxyType":"direct"}}
[INFO  - 2016-11-04T07:27:26.463Z] SessionManagerReqHand - _post[INFO  - 2016-11-04T07:27:26.596Z] ShutdownReqHand - _handle - About to shutdo[INFO  - 2016-11-04T07:27:28.189Z] ShutdownReqHand - _handle - About to shutdown
[INFO  - 2016-11-04T07:28:32.982Z] GhostDriver - Main - running on port 25017
[INFO  - 2016-11-04T07:28:33.109Z] Session [4a73c500-a260-11e6-9c46-4504a66944[INFO  - 2016-11-04T07:28:33.567Z] Session [4ab9a7a0-a260-11e6-b2fb-d7353758372a] - page.settings - {"XSSAuditingEnabled":false,"javascriptCanCloseWindows":true,"javascriptCanOpenWindows":true,"javascriptEnabled":true,"loadImages":true,"localToRemoteUrlAccessEnabled":false,"userAgent":"Mozilla/5.0 (Windows NT 6.2; WOW64) AppleWebKit/538.1 (KHTML, like Gecko) PhantomJS/2.1.1 Safari/538.1","webSecurityEnabled":true}
[INFO  - 2016-11-04T07:28:33.567Z] Session [4ab9a7a0-a260-11e6-b2fb-d7353758372a] - page.customHeaders:  - {}
[INFO  - 2016-11-04T07:28:33.567Z] Session [4ab9a7a0-a260-11e6-b2fb-d7353758372a] - Session.negotiatedCapabilities - {"browserName":"phantomjs","version":"2.1.1","driverName":"ghostdriver","driverVersion":"1.2.0","platform":"windows-8.1-32bit","javascriptEnabled":true,"takesScreenshot":true,"handlesAlerts":false,"databaseEnabled":false,"locationContextEnabled":false,"applicationCacheEnabled":false,"browserConnectionEnabled":false,"cssSelectorsEnabled":true,"webStorageEnabled":false,"rotatable":false,"acceptSslCerts":false,"nativeEvents":true,"proxy":{"proxyType":"direct"}}
[INFO  - 2016-11-04T07:28:33.568Z] SessionManagerReqHand - _post[INFO  - 2016-11-04T07:28:34.940Z] ShutdownReqHand - _handle - About to shutdown
FO  - 2016-11-04T07:28:34.139Z] ShutdownReqHand - _handle - About to shutdown
[INFO  - 2016-11-04T07:33:28.408Z] GhostDriver - Main - running on port 45033
[INFO  - 2016-11-04T07:33:28.573Z] Session [fa902690-a260-11e6-88a2-933b7e6b97d2] - page.settings - {"XSSAuditingEnabled":false,"javascriptCanCloseWindows":true,"javascriptCanOpenWindows":true,"javascriptEnabled":true,"loadImages":true,"localToRemoteUrlAccessEnabled":false,"userAgent":"Mozilla/5.0 (Windows NT 6.2; WOW64) AppleWebKit/538.1 (KHTML, like Gecko) PhantomJS/2.1.1 Safari/538.1","webSecurityEnabled":true}
[INFO  - 2016-11-04T07:33:28.573Z] Session [fa902690-a260-11e6-88a2-933b7e6b97d2] - page.customHeaders:  - {}
[INFO  - 2016-11-04T07:33:28.573Z] Session [fa902690-a260-11e6-88a2-933b7e6b97d2] - Session.negotiatedCapabilities - {"browserName":"phantomjs","version":"2.1.1","driverName":"ghostdriver","driverVersion":"1.2.0","platform":"windows-8.1-32bit","javascriptEnabled":true,"takesScreenshot":true,"handlesAlerts":false,"databaseEnabled":false,"locationContextEnabled":false,"applicationCacheEnabled":false,"browserConnectionEnabled":false,"cssSelectorsEnabled":true,"webStorageEnabled":false,"rotatable":false,"acceptSslCerts":false,"nativeEvents":true,"proxy":{"proxyType":"direct"}}
[INFO  - 2016-11-04T07:33:28.573Z] SessionManagerReqHand - _postNewSessionCommand - New Session Created: fa902690-a260-11e6-88a2-933b7e6b97d2
[INFO  - 2016-11-04T07:33:29.107Z] ShutdownReqHand - _handle - About to shutd[INFO  - 2016-11-04T07:33:29.197Z] ShutdownReqHand - _handle - About to shutdown
[INFO  - 2016-11-04T07:36:11.102Z] GhostDriver - Main - running on port 5236
[INFO  - 2016-11-04T07:36:11.181Z] GhostDriver - Main - running on port 47941
[INFO  - 2016-11-04T07:36:11.709Z] Session [5bcc6c70-a261-11e6-af54-4b9db54a5b50] - page.settings - {"XSSAuditingEnabled":false,"javascriptCanCloseWindows":true,"javascriptCanOpenWindows":true,"javascriptEnabled":true,"loadImages":true,"localToRemoteUrlAccessEnabled":false,"userAgent":"Mozilla/5.0 (Windows NT 6.2; WOW64) AppleWebKit/538.1 (KHTML, like Gecko) PhantomJS/2.1.1 Safari/538.1","webSecurityEnabled":true}
[INFO  - 2016-11-04T07:36:11.709Z] Session [5bcc6c70-a261-11e6-af54-4b9db54a5b50] - page.customHeaders:  - {}
[INFO  - 2016-11-04T07:36:11.709Z] Session [5bcc6c70-a261-11e6-af54-4b9db54a5b50] - Session.negotiatedCapabilities - {"browserName":"phantomjs","version":"2.1.1","driverName":"ghostdriver","driverVersion":"1.2.0","platform":"windows-8.1-32bit","javascriptEnabled":true,"takesScreenshot":true,"handlesAlerts":false,"databaseEnabled":false,"locationContextEnabled":false,"applicationCacheEnabled":false,"browserConnectionEnabled":false,"cssSelectorsEnabled":true,"webStorageEnabled":false,"rotatable":false,"acceptSslCerts":false,"nativeEvents":true,"proxy":{"proxyType":"direct"}}
[INFO  - 2016-11-04T07:36:11.709Z] SessionManagerReqHand - _post[INFO  - 2016-11-04T07:36:11.859Z] ShutdownReqHand - _handle - About to shutdo[INFO  - 2016-11-04T07:36:12.299Z] ShutdownReqHand - _handle - About to shutdown
[INFO  - 2016-11-04T07:36:34.022Z] GhostDriver - Main - running on port 22267
[INFO  - 2016-11-04T07:36:34.211Z] Session [693642f0-a261-11e6-af42-313021a0c3ac] - page.settings - {"XSSAuditingEnabled":false,"javascriptCanCloseWindows":true,"javascriptCanOpenWindows":true,"javascriptEnabled":true,"loadImages":true,"localToRemoteUrlAccessEnabled":false,"userAgent":"Mozilla/5.0 (Windows NT 6.2; WOW64) AppleWebKit/538.1 (KHTML, like Gecko) PhantomJS/2.1.1 Safari/538.1","webSecurityEnabled":true}
[INFO  - 2016-11-04T07:36:34.211Z] Session [693642f0-a261-11e6-af42-313021a0c3ac] - page.customHeaders:  - {}
[INFO  - 2016-11-04T07:36:34.211Z] Session [693642f0-a261-11e6-af42-313021a0c3ac] - Session.negotiatedCapabilities - {"browserName":"phantomjs","version":"2.1.1","driverName":"ghostdriver","driverVersion":"1.2.0","platform":"windows-8.1-32bit","javascriptEnabled":true,"takesScreenshot":true,"handlesAlerts":false,"databaseEnabled":false,"locationContextEnabled":false,"applicationCacheEnabled":false,"browserConnectionEnabled":false,"cssSelectorsEnabled":true,"webStorageEnabled":false,"rotatable":false,"acceptSslCerts":false,"nativeEvents":true,"proxy":{"proxyType":"direct"}}
[INFO  - 2016-11-04T07:36:34.211Z] SessionManagerReqHand - _postNewSessionCommand - New Session Created: 693642f0-a261-11e6-af42-313021a0c3ac
[INFO  - 2016-11-04T07:36:36.909Z] ShutdownReqHand - _handle - About to shutdown
FO  - 2016-11-04T07:36:34.737Z] ShutdownReqHand - _handle - About to shutdown
[INFO  - 2016-11-04T07:38:48.510Z] GhostDriver - Main - running on port 21555
[INFO  - 2016-11-04T07:38:48.667Z] Session [b95a7760-a261-11e6-b21b-7d6e15a41e[INFO  - 2016-11-04T07:38:48.667Z] Session [b95a7760-a261-11e6-8202-7592f10e7197] - page.settings - {"XSSAuditingEnabled":false,"javascriptCanCloseWindows":true,"javascriptCanOpenWindows":true,"javascriptEnabled":true,"loadImages":true,"localToRemoteUrlAccessEnabled":false,"userAgent":"Mozilla/5.0 (Windows NT 6.2; WOW64) AppleWebKit/538.1[INFO  - 2016-11-04T07:38:48.667Z] Session [b95a7760-a261-11e6-b21b-7d6e15a41e[INFO  - 2016-11-04T07:38:48.667[INFO  - 2016-11-04T07:38:48.667Z] Session [b95a7760-a261-11e6-b21b-7d6e15a41e[INFO  - 2016-11-04T07:38:48.667Z] Session [b95a7760-a261-11e6-8202-7592f10e7197] - Session.negotiatedCapabilities - {"browserName":"phantomjs","version":"2.1.1","driverName":"ghostdriver","driverVersion":"1.2.0","platform":"windows-8.1-32bit","javascriptEnabled":true,"takesScreenshot":true,"handlesAlerts":false,"databaseEnabled":false,"locationContextEnabled":false,"applicationCacheEnabled":false,"browserConnectionEnabled":false,"cssSelectorsEnabled":true,"webStorageEnabled":false,"rotatable":fal[INFO  - 2016-11-04T07:38:48.667Z] SessionManagerReqHand - _postNewSessionComm[INFO  - 2016-11-04T07:38:48.667Z] SessionManagerReqHand - _post[INFO  - 2016-11-04T07:38:49.218Z] ShutdownReqHand - _handle - About to shutdo[INFO  - 2016-11-04T07:38:50.579Z] ShutdownReqHand - _handle - About to shutdown
[INFO  - 2016-11-04T07:41:31.139Z] GhostDriver - Main - running on port 41339
[INFO  - 2016-11-04T07:41:31.300Z] Session [1a4a4af0-a262-11e6-bf9d-f1affc3060[INFO  - 2016-11-04T07:41:31.299Z] Session [1a4a23e0-a262-11e6-9741-97f9ebe77fa4] - page.settings - {"XSSAuditingEnabled":false,"javascriptCanCloseWindows":true,"javascriptCanOpenWindows":true,"javascriptEnabled":true,"loadImages":true,"localToRemoteUrlAccessEnabled":false,"userAgent":"Mozilla/5.0 (Windows NT 6.2; WOW64) AppleWebKit/538.1 (KHTML, like Gecko) PhantomJS/2.1.1 Safari/538.1","webSecurityEnabled":true}
[INFO  - 2016-11-04T07:41:31.299[INFO  - 2016-11-04T07:41:31.300Z] Session [1a4a4af0-a262-11e6-bf9d-f1affc3060[INFO  - 2016-11-04T07:41:31.300Z] Session [1a4a23e0-a262-11e6-9741-97f9ebe77fa4] - Session.negotiatedCapabilities - {"browserName":"phantomjs","version":"2.1.1","driverName":"ghostdriver","driverVersion":"1.2.0","platform":"windows-8.1-32bit","javascriptEnabled":true,"takesScreenshot":true,"handlesAlerts":false,"databaseEnabled":false,"locationContextEnabled":false,"applicationCacheEnabled":false,"browserConnectionEnabled":false,"cssSelectorsEnabled":true,"webStorageEnabled":false,"rotatable":fal[INFO  - 2016-11-04T07:41:31.300Z] SessionManagerReqHand - _postNewSessionComm[INFO  - 2016-11-04T07:41:31.300Z] SessionManagerReqHand - _post[INFO  - 2016-11-04T07:41:31.814Z] ShutdownReqHand - _handle - About to shutdo[INFO  - 2016-11-04T07:41:35.281Z] ShutdownReqHand - _handle - About to shutdown
[INFO  - 2016-11-04T07:43:31.821Z] GhostDriver - Main - running on port 21753
[INFO  - 2016-11-04T07:43:31.959Z] Session [62356520-a262-11e6-a0e2-61735e7de535] - page.settings - {"XSSAuditingEnabled":false,"javascriptCanCloseWindows":true,"javascriptCanOpenWindows":true,"javascriptEnabled":true,"loadImages":true,"localToRemoteUrlAccessEnabled":false,"userAgent":"Mozilla/5.0 (Windows NT 6.2; WOW64) AppleWebKit/538.1 (KHTML, like Gecko) PhantomJS/2.1.1 Safari/538.1","webSecurityEnabled":true}
[INFO  - 2016-11-04T07:43:31.959Z] Session [62356520-a262-11e6-a0e2-61735e7de535] - page.customHeaders:  - {}
[INFO  - 2016-11-04T07:43:31.959Z] Session [62356520-a262-11e6-a0e2-61735e7de535] - Session.negotiatedCapabilities - {"browserName":"phantomjs","version":"2.1.1","driverName":"ghostdriver","driverVersion":"1.2.0","platform":"windows-8.1-32bit","javascriptEnabled":true,"takesScreenshot":true,"handlesAlerts":false,"databaseEnabled":false,"locationContextEnabled":false,"applicationCacheEnabled":false,"browserConnectionEnabled":false,"cssSelectorsEnabled":true,"webStorageEnabled":false,"rotatable":false,"acceptSslCerts":false,"nativeEvents":true,"proxy":{"proxyType":"direct"}}
[INFO  - 2016-11-04T07:43:31.959Z] SessionManagerReqHand - _postNewSessionCommand - New Session Created: 62356520-a262-11e6-a0e2-61735e7de535
[INFO  - 2016-11-04T07:43:42.883Z] ShutdownReqHand - _handle - About to shutdown
O  - 2016-11-04T07:43:32.473Z] ShutdownReqHand - _handle - About to shutdown
[INFO  - 2016-11-04T07:45:36.183Z] GhostDriver - Main - running on port 29083
[INFO  - 2016-11-04T07:45:36.302Z] Session [ac52c8a0-a262-11e6-b4b6-6137a1f0a[INFO  - 2016-11-04T07:45:36.319Z] Session [ac5560b0-a262-11e6-8585-2d24d8d4e7d8] - page.settings - {"XSSAuditingEnabled":false,"javascriptCanCloseWindows":true,"javascriptCanOpenWindows":true,"javascriptEnabled":true,"loadImages":true,"localToRemoteUrlAccessEnabled":false,"userAgent":"Mozilla/5.0 (Windows NT 6.2; WOW64) AppleWebKit/538.1 (KHTML, like Gecko) PhantomJS/2.1.1 Safari/538.1","webSecurityEnabled":true}
[INFO  - 2016-11-04T07:45:36.319Z] Session [ac5560b0-a262-11e6-8585-2d24d8d4e7d8] - page.customHeaders:  - {}
[INFO  - 2016-11-04T07:45:36.319Z] Session [ac5560b0-a262-11e6-8585-2d24d8d4e7d8] - Session.negotiatedCapabilities - {"browserName":"phantomjs","version":"2.1.1","driverName":"ghostdriver","driverVersion":"1.2.0","platform":"windows-8.1-32bit","javascriptEnabled":true,"takesScreenshot":true,"handlesAlerts":false,"databaseEnabled":false,"locationContextEnabled":false,"applicationCacheEnabled":false,"browserConnectionEnabled":false,"cssSelectorsEnabled":true,"webStorageEnabled":false,"rotatable":false,"acceptSslCerts":false,"nativeEvents":true,"proxy":{"proxyType":"direct"}}
[INFO  - 2016-11-04T07:45:36.320Z] SessionManagerReqHand - _postN[INFO  - 2016-11-04T07:45:43.523Z] ShutdownReqHand - _handle - About to shutdown
O  - 2016-11-04T07:45:36.815Z] ShutdownReqHand - _handle - About to shutdown
[INFO  - 2016-11-04T07:47:12.607Z] GhostDriver - Main - running on port 11648
[INFO  - 2016-11-04T07:47:12.758Z] Session [e5d0cd20-a262-11e6-a61a-7982591ca90d] - page.settings - {"XSSAuditingEnabled":false,"javascriptCanCloseWindows":true,"javascriptCanOpenWindows":true,"javascriptEnabled":true,"loadImages":true,"localToRemoteUrlAccessEnabled":false,"userAgent":"Mozilla/5.0 (Windows NT 6.2; WOW64) AppleWebKit/538.1 (KHTML, like Gecko) PhantomJS/2.1.1 Safari/538.1","webSecurityEnabled":true}
[INFO  - 2016-11-04T07:47:12.758Z] Session [e5d0cd20-a262-11e6-a61a-7982591ca90d] - page.customHeaders:  - {}
[INFO  - 2016-11-04T07:47:12.759Z] Session [e5d0cd20-a262-11e6-a61a-7982591ca90d] - Session.negotiatedCapabilities - {"browserName":"phantomjs","version":"2.1.1","driverName":"ghostdriver","driverVersion":"1.2.0","platform":"windows-8.1-32bit","javascriptEnabled":true,"takesScreenshot":true,"handlesAlerts":false,"databaseEnabled":false,"locationContextEnabled":false,"applicationCacheEnabled":false,"browserConnectionEnabled":false,"cssSelectorsEnabled":true,"webStorageEnabled":false,"rotatable":false,"acceptSslCerts":false,"nativeEvents":true,"proxy":{"proxyType":"direct"}}
[INFO  - 2016-11-04T07:47:12.759Z] SessionManagerReqHand - _postNewSessionCommand - New Session Created: e5d0cd20-a262-11e6-a61a-7982591ca90d
[INFO  - 2016-11-04T07:47:24.820Z] ShutdownReqHand - _handle - About to shutdown
FO  - 2016-11-04T07:47:13.302Z] ShutdownReqHand - _handle - About to shutdown
[INFO  - 2016-11-04T07:48:09.189Z] GhostDriver - Main - running on port 28467
[INFO  - 2016-11-04T07:48:09.333Z] Session [07897610-a263-11e6-a16e-2bee6b68fa[INFO  - 2016-11-04T07:48:09.333Z] Session [07897610-a263-11e6-8a60-ef9fa501edb5] - page.settings - {"XSSAuditingEnabled":false,"javascriptCanCloseWindows":true,"javascriptCanOpenWindows":true,"javascriptEnabled":true,"loadImages":true,"localToRemoteUrlAccessEnabled":false,"userAgent":"Mozilla/5.0 (Windows NT 6.2; WOW64) AppleWebKit/538.1 (KHTML, like Gecko) PhantomJS/2.1.1 Safari/538.1","webSecurityEnabled":true}
[INFO  - 2016-11-04T07:48:09.333Z] Session [07897610-a263-11e6-8a60-ef9fa501edb5] - page.customHeaders:  - {}
[INFO  - 2016-11-04T07:48:09.333Z] Session [07897610-a263-11e6-8a60-ef9fa501edb5] - Session.negotiatedCapabilities - {"browserName":"phantomjs","version":"2.1.1","driverName":"ghostdriver","driverVersion":"1.2.0","platform":"windows-8.1-32bit","javascriptEnabled":true,"takesScreenshot":true,"handlesAlerts":false,"databaseEnabled":false,"locationContextEnabled":false,"applicationCacheEnabled":false,"browserConnectionEnabled":false,"cssSelectorsEnabled":true,"webStorageEnabled":false,"rotatable":fal[INFO  - 2016-11-04T07:48:09.334Z] SessionManagerReqHand - _postNewSessionComm[INFO  - 2016-11-04T07:48:09.334Z] SessionManagerReqHand - _post[INFO  - 2016-11-04T07:53:09.354Z] SessionManagerReqHand - _cleanupWindowlessSessions - Asynchronous Sessions clean-up phase starting NOW
[INFO  - 2016-11-04T07:58:09.353Z] SessionManagerReqHand - _cleanupWindowlessSessions - Asynchronous Sessions clean-up phase starting NOW
[INFO  - 2016-11-04T08:03:09.353Z] SessionManagerReqHand - _cleanupWindowlessSessions - Asynchronous Sessions clean-up phase starting NOW
[INFO  - 2016-11-04T08:08:09.353Z] SessionManagerReqHand - _cleanupWindowlessSessions - Asynchronous Sessions clean-up phase starting NOW
[INFO  - 2016-11-04T08:13:09.354Z] SessionManagerReqHand - _cleanupWindowlessSessions - Asynchronous Sessions clean-up phase starting NOW
[INFO  - 2016-11-04T08:18:09.354Z] SessionManagerReqHand - _cleanupWindowlessSessions - Asynchronous Sessions clean-up phase starting NOW
Headers:  - {}
[INFO  - 2016-11-04T07:48:58.343Z] Session [24bfa420-a263-11e6-b6a5-b91f26c142db] - Session.negotiatedCapabilities - {"browserName":"phantomjs","version":"2.1.1","driverName":"ghostdriver","driverVersion":"1.2.0","platform":"windows-8.1-32bit","javascriptEnabled":true,"takesScreenshot":true,"handlesAlerts":false,"databaseEnabled":false,"locationContextEnabled":false,"applicationCacheEnabled":false,"browserConnectionEnabled":false,"cssSelectorsEnabled":true,"webStorageEnabled":false,"rotatable":false,"acceptSslCerts":false,"nativeEvents":true,"proxy":{"proxyType":"direct"}}
[INFO  - 2016-11-04T07:48:58.344Z] SessionManagerReqHand - _post[INFO  - 2016-11-04T07:48:58.878Z] ShutdownReqHand - _handle - About to shutdo[INFO  - 2016-11-04T07:53:58.365Z] SessionManagerReqHand - _cleanupWindowlessSessions - Asynchronous Sessions clean-up phase starting NOW
[INFO  - 2016-11-04T07:58:58.364Z] SessionManagerReqHand - _cleanupWindowlessSessions - Asynchronous Sessions clean-up phase starting NOW
[INFO  - 2016-11-04T08:03:58.364Z] SessionManagerReqHand - _cleanupWindowlessSessions - Asynchronous Sessions clean-up phase starting NOW
[INFO  - 2016-11-04T08:08:58.364Z] SessionManagerReqHand - _cleanupWindowlessSessions - Asynchronous Sessions clean-up phase starting NOW
[INFO  - 2016-11-04T08:13:58.365Z] SessionManagerReqHand - _cleanupWindowlessSessions - Asynchronous Sessions clean-up phase starting NOW
[INFO  - 2016-11-04T08:18:58.366Z] SessionManagerReqHand - _cleanupWindowlessSessions - Asynchronous Sessions clean-up phase starting NOW
","version":"2.1.1","driverName":"ghostdriver","driverVersion":"1.2.0","platform":"windows-8.1-32bit","javascriptEnabled":true,"takesScreenshot":true,"handlesAlerts":false,"databaseEnabled":false,"locationContextEnabled":false,"applicationCacheEnabled":false,"browserConnectionEnabled":false,"cssSelectorsEnabled":true,"webStorageEnabled":false,"rotatable":false,"acceptSslCerts":false,"nativeEvents":true,"proxy":{"proxyType":"direct"}}
[INFO  - 2016-11-04T07:49:32.955Z] SessionManagerReqHand - _post[INFO  - 2016-11-04T07:49:33.511Z] ShutdownReqHand - _handle - About to shutdo[INFO  - 2016-11-04T07:49:41.604Z] ShutdownReqHand - _handle - About to shutdown
[INFO  - 2016-11-04T07:50:49.729Z] GhostDriver - Main - running on port 26516
[INFO  - 2016-11-04T07:50:49.876Z] Session [673a39f0-a263-11e6-a6ea-cddefb183a[INFO  - 2016-11-04T07:50:49.886Z] Session [673be7a0-a263-11e6-92a3-3d6fd8ac75e5] - page.settings - {"XSSAuditingEnabled":false,"javascriptCanCloseWindows":true,"javascriptCanOpenWindows":true,"javascriptEnabled":true,"loadImages":true,"localToRemoteUrlAccessEnabled":false,"userAgent":"Mozilla/5.0 (Windows NT 6.2; WOW64) AppleWebKit/538.1 (KHTML, like Gecko) PhantomJS/2.1.1 Safari/538.1","webSecurityEnabled":true}
[INFO  - 2016-11-04T07:50:49.886Z] Session [673be7a0-a263-11e6-92a3-3d6fd8ac75e5] - page.customHeaders:  - {}
[INFO  - 2016-11-04T07:50:49.887Z] Session [673be7a0-a263-11e6-92a3-3d6fd8ac75e5] - Session.negotiatedCapabilities - {"browserName":"phantomjs","version":"2.1.1","driverName":"ghostdriver","driverVersion":"1.2.0","platform":"windows-8.1-32bit","javascriptEnabled":true,"takesScreenshot":true,"handlesAlerts":false,"databaseEnabled":false,"locationContextEnabled":false,"applicationCacheEnabled":false,"browserConnectionEnabled":false,"cssSelectorsEnabled":true,"webStorageEnabled":false,"rotatable":false,"acceptSslCerts":false,"nativeEvents":true,"proxy":{"proxyType":"direct"}}
[INFO  - 2016-11-04T07:50:49.887Z] SessionManagerReqHand - _post[INFO  - 2016-11-04T07:50:57.594Z] ShutdownReqHand - _handle - About to shutdown
FO  - 2016-11-04T07:50:50.425Z] ShutdownReqHand - _handle - About to shutdown
[INFO  - 2016-11-04T07:51:20.560Z] GhostDriver - Main - running on port 34487
[INFO  - 2016-11-04T07:51:20.683Z] Session [79972770-a263-11e6-ada6-b5347622ca[INFO  - 2016-11-04T07:51:20.696Z] Session [79992340-a263-11e6-b177-151ebf05af16] - page.settings - {"XSSAuditingEnabled":false,"javascriptCanCloseWindows":true,"javascriptCanOpenWindows":true,"javascriptEnabled":true,"loadImages":true,"localToRemoteUrlAccessEnabled":false,"userAgent":"Mozilla/5.0 (Windows NT 6.2; WOW64) AppleWebKit/538.1 (KHTML, like Gecko) PhantomJS/2.1.1 Safari/538.1","webSecurityEnabled":true}
[INFO  - 2016-11-04T07:51:20.696Z] Session [79992340-a263-11e6-b177-151ebf05af16] - page.customHeaders:  - {}
[INFO  - 2016-11-04T07:51:20.697Z] Session [79992340-a263-11e6-b177-151ebf05af16] - Session.negotiatedCapabilities - {"browserName":"phantomjs","version":"2.1.1","driverName":"ghostdriver","driverVersion":"1.2.0","platform":"windows-8.1-32bit","javascriptEnabled":true,"takesScreenshot":true,"handlesAlerts":false,"databaseEnabled":false,"locationContextEnabled":false,"applicationCacheEnabled":false,"browserConnectionEnabled":false,"cssSelectorsEnabled":true,"webStorageEnabled":false,"rotatable":false,"acceptSslCerts":false,"nativeEvents":true,"proxy":{"proxyType":"direct"}}
[INFO  - 2016-11-04T07:51:20.697Z] SessionManagerReqHand - _post[INFO  - 2016-11-04T07:51:21.228Z] ShutdownReqHand - _handle - About to shutdo[INFO  - 2016-11-04T07:51:32.929Z] ShutdownReqHand - _handle - About to shutdown
[INFO  - 2016-11-04T07:51:44.219Z] GhostDriver - Main - running on port 29769
[INFO  - 2016-11-04T07:51:44.390Z] Session [87b86710-a263-11e6-a79a-6599fd6488[INFO  - 2016-11-04T07:51:44.389Z] Session [87b86710-a263-11e6-bd66-370a0390630d] - page.settings - {"XSSAuditingEnabled":false,"javascriptCanCloseWindows":true,"javascriptCanOpenWindows":true,"javascriptEnabled":true,"loadImages":true,"localToRemoteUrlAccessEnabled":false,"userAgent":"Mozilla/5.0 (Windows NT 6.2; WOW64) AppleWebKit/538.1[INFO  - 2016-11-04T07:51:44.390Z] Session [87b86710-a263-11e6-a79a-6599fd6488[INFO  - 2016-11-04T07:51:44.389[INFO  - 2016-11-04T07:51:44.390Z] Session [87b86710-a263-11e6-a79a-6599fd6488[INFO  - 2016-11-04T07:51:44.389Z] Session [87b86710-a263-11e6-bd66-370a0390630d] - Session.negotiatedCapabilities - {"browserName":"phantomjs","version":"2.1.1","driverName":"ghostdriver","driverVersion":"1.2.0","platform":"windows-8.1-32bit","javascriptEnabled":true,"takesScreenshot":true,"handlesAlerts":false,"databaseEnabled":false,"locationContextEnabled":false,"applicationCacheEnabled":false,"browserConnectionEnabled":false,"cssSelectorsEnabled":true,"webStorageEnabled":false,"rotatable":fal[INFO  - 2016-11-04T07:51:44.390Z] SessionManagerReqHand - _postNewSessionComm[INFO  - 2016-11-04T07:51:44.390Z] SessionManagerReqHand - _post[INFO  - 2016-11-04T07:51:56.233Z] ShutdownReqHand - _handle - About to shutdown
FO  - 2016-11-04T07:51:44.928Z] ShutdownReqHand - _handle - About to shutdown
[INFO  - 2016-11-04T07:52:51.307Z] GhostDriver - Main - running on port 37505
[INFO  - 2016-11-04T07:52:51.417Z] Session [afabc230-a263-11e6-81f4-9f322a4102[INFO  - 2016-11-04T07:52:51.427Z] Session [afad96f0-a263-11e6-ad7a-75e3c1b12f68] - page.settings - {"XSSAuditingEnabled":false,"javascriptCanCloseWindows":true,"javascriptCanOpenWindows":true,"javascriptEnabled":true,"loadImages":true,"localToRemoteUrlAccessEnabled":false,"userAgent":"Mozilla/5.0 (Windows NT 6.2; WOW64) AppleWebKit/538.1 (KHTML, like Gecko) PhantomJS/2.1.1 Safari/538.1","webSecurityEnabled":true}
[INFO  - 2016-11-04T07:52:51.428Z] Session [afad96f0-a263-11e6-ad7a-75e3c1b12f68] - page.customHeaders:  - {}
[INFO  - 2016-11-04T07:52:51.428Z] Session [afad96f0-a263-11e6-ad7a-75e3c1b12f68] - Session.negotiatedCapabilities - {"browserName":"phantomjs","version":"2.1.1","driverName":"ghostdriver","driverVersion":"1.2.0","platform":"windows-8.1-32bit","javascriptEnabled":true,"takesScreenshot":true,"handlesAlerts":false,"databaseEnabled":false,"locationContextEnabled":false,"applicationCacheEnabled":false,"browserConnectionEnabled":false,"cssSelectorsEnabled":true,"webStorageEnabled":false,"rotatable":false,"acceptSslCerts":false,"nativeEvents":true,"proxy":{"proxyType":"direct"}}
[INFO  - 2016-11-04T07:52:51.428Z] SessionManagerReqHand - _post[INFO  - 2016-11-04T07:53:07.136Z] ShutdownReqHand - _handle - About to shutdown
FO  - 2016-11-04T07:52:51.986Z] ShutdownReqHand - _handle - About to shutdown
[INFO  - 2016-11-04T07:53:25.737Z] GhostDriver - Main - running on port 40019
[INFO  - 2016-11-04T07:53:25.893Z] Session [c438af10-a263-11e6-a202-f791c33ef008] - page.settings - {"XSSAuditingEnabled":false,"javascriptCanCloseWindows":true,"javascriptCanOpenWindows":true,"javascriptEnabled":true,"loadImages":true,"localToRemoteUrlAccessEnabled":false,"userAgent":"Mozilla/5.0 (Windows NT 6.2; WOW64) AppleWebKit/538.1 (KHTML, like Gecko) PhantomJS/2.1.1 Safari/538.1","webSecurityEnabled":true}
[INFO  - 2016-11-04T07:53:25.893Z] Session [c438af10-a263-11e6-a202-f791c33ef008] - page.customHeaders:  - {}
[INFO  - 2016-11-04T07:53:25.893Z] Session [c438af10-a263-11e6-a202-f791c33ef008] - Session.negotiatedCapabilities - {"browserName":"phantomjs","version":"2.1.1","driverName":"ghostdriver","driverVersion":"1.2.0","platform":"windows-8.1-32bit","javascriptEnabled":true,"takesScreenshot":true,"handlesAlerts":false,"databaseEnabled":false,"locationContextEnabled":false,"applicationCacheEnabled":false,"browserConnectionEnabled":false,"cssSelectorsEnabled":true,"webStorageEnabled":false,"rotatable":false,"acceptSslCerts":false,"nativeEvents":true,"proxy":{"proxyType":"direct"}}
[INFO  - 2016-11-04T07:53:25.893Z] SessionManagerReqHand - _postNewSessionCommand - New Session Created: c438af10-a263-11e6-a202-f791c33ef008
[INFO  - 2016-11-04T07:53:34.840Z] ShutdownReqHand - _handle - About to shutdown
FO  - 2016-11-04T07:53:26.498Z] ShutdownReqHand - _handle - About to shutdown
[INFO  - 2016-11-04T07:56:39.874Z] GhostDriver - Main - running on port 7068
[INFO  - 2016-11-04T07:56:40.032Z] Session [37eff1c0-a264-11e6-8696-f7c7665aad1c] - page.settings - {"XSSAuditingEnabled":false,"javascriptCanCloseWindows":true,"javascriptCanOpenWindows":true,"javascriptEnabled":true,"loadImages":true,"localToRemoteUrlAccessEnabled":false,"userAgent":"Mozilla/5.0 (Windows NT 6.2; WOW64) AppleWebKit/538.1 (KHTML, like Gecko) PhantomJS/2.1.1 Safari/538.1","webSecurityEnabled":true}
[INFO  - 2016-11-04T07:56:40.033Z] Session [37eff1c0-a264-11e6-8696-f7c7665aad1c] - page.customHeaders:  - {}
[INFO  - 2016-11-04T07:56:40.033Z] Session [37eff1c0-a264-11e6-8696-f7c7665aad1c] - Session.negotiatedCapabilities - {"browserName":"phantomjs","version":"2.1.1","driverName":"ghostdriver","driverVersion":"1.2.0","platform":"windows-8.1-32bit","javascriptEnabled":true,"takesScreenshot":true,"handlesAlerts":false,"databaseEnabled":false,"locationContextEnabled":false,"applicationCacheEnabled":false,"browserConnectionEnabled":false,"cssSelectorsEnabled":true,"webStorageEnabled":false,"rotatable":false,"acceptSslCerts":false,"nativeEvents":true,"proxy":{"proxyType":"direct"}}
[INFO  - 2016-11-04T07:56:40.033Z] SessionManagerReqHand - _postNewSessionCommand - New Session Created: 37eff1c0-a264-11e6-8696-f7c7665aad1c
[INFO  - 2016-11-04T07:56:56.549Z] ShutdownReqHand - _handle - About to shutdown
[INFO  - 2016-11-04T07:57:08.819Z] GhostDriver - Main - running on port 32432
[INFO  - 2016-11-04T07:57:09.009Z] Session [49357bd0-a264-11e6-91da-d71c2c8ee151] - page.settings - {"XSSAuditingEnabled":false,"javascriptCanCloseWindows":true,"javascriptCanOpenWindows":true,"javascriptEnabled":true,"loadImages":true,"localToRemoteUrlAccessEnabled":false,"userAgent":"Mozilla/5.0 (Windows NT 6.2; WOW64) AppleWebKit/538.1 (KHTML, like Gecko) PhantomJS/2.1.1 Safari/538.1","webSecurityEnabled":true}
[INFO  - 2016-11-04T07:57:09.009Z] Session [49357bd0-a264-11e6-91da-d71c2c8ee151] - page.customHeaders:  - {}
[INFO  - 2016-11-04T07:57:09.010Z] Session [49357bd0-a264-11e6-91da-d71c2c8ee151] - Session.negotiatedCapabilities - {"browserName":"phantomjs","version":"2.1.1","driverName":"ghostdriver","driverVersion":"1.2.0","platform":"windows-8.1-32bit","javascriptEnabled":true,"takesScreenshot":true,"handlesAlerts":false,"databaseEnabled":false,"locationContextEnabled":false,"applicationCacheEnabled":false,"browserConnectionEnabled":false,"cssSelectorsEnabled":true,"webStorageEnabled":false,"rotatable":false,"acceptSslCerts":false,"nativeEvents":true,"proxy":{"proxyType":"direct"}}
[INFO  - 2016-11-04T07:57:09.010Z] SessionManagerReqHand - _postNewSessionCommand - New Session Created: 49357bd0-a264-11e6-91da-d71c2c8ee151
[INFO  - 2016-11-04T07:57:23.673Z] ShutdownReqHand - _handle - About to shutdown
[INFO  - 2016-11-04T07:57:33.604Z] GhostDriver - Main - running on port 42020
[INFO  - 2016-11-04T07:57:33.735Z] Session [57f23820-a264-11e6-a554-39787c3b126e] - page.settings - {"XSSAuditingEnabled":false,"javascriptCanCloseWindows":true,"javascriptCanOpenWindows":true,"javascriptEnabled":true,"loadImages":true,"localToRemoteUrlAccessEnabled":false,"userAgent":"Mozilla/5.0 (Windows NT 6.2; WOW64) AppleWebKit/538.1 (KHTML, like Gecko) PhantomJS/2.1.1 Safari/538.1","webSecurityEnabled":true}
[INFO  - 2016-11-04T07:57:33.735Z] Session [57f23820-a264-11e6-a554-39787c3b126e] - page.customHeaders:  - {}
[INFO  - 2016-11-04T07:57:33.735Z] Session [57f23820-a264-11e6-a554-39787c3b126e] - Session.negotiatedCapabilities - {"browserName":"phantomjs","version":"2.1.1","driverName":"ghostdriver","driverVersion":"1.2.0","platform":"windows-8.1-32bit","javascriptEnabled":true,"takesScreenshot":true,"handlesAlerts":false,"databaseEnabled":false,"locationContextEnabled":false,"applicationCacheEnabled":false,"browserConnectionEnabled":false,"cssSelectorsEnabled":true,"webStorageEnabled":false,"rotatable":false,"acceptSslCerts":false,"nativeEvents":true,"proxy":{"proxyType":"direct"}}
[INFO  - 2016-11-04T07:57:33.735Z] SessionManagerReqHand - _postNewSessionCommand - New Session Created: 57f23820-a264-11e6-a554-39787c3b126e
[INFO  - 2016-11-04T07:57:44.094Z] ShutdownReqHand - _handle - About to shutdown
[INFO  - 2016-11-04T07:58:20.993Z] GhostDriver - Main - running on port 39746
[INFO  - 2016-11-04T07:58:21.183Z] Session [743a5cb0-a264-11e6-92e5-8ba986aa1791] - page.settings - {"XSSAuditingEnabled":false,"javascriptCanCloseWindows":true,"javascriptCanOpenWindows":true,"javascriptEnabled":true,"loadImages":true,"localToRemoteUrlAccessEnabled":false,"userAgent":"Mozilla/5.0 (Windows NT 6.2; WOW64) AppleWebKit/538.1 (KHTML, like Gecko) PhantomJS/2.1.1 Safari/538.1","webSecurityEnabled":true}
[INFO  - 2016-11-04T07:58:21.183Z] Session [743a5cb0-a264-11e6-92e5-8ba986aa1791] - page.customHeaders:  - {}
[INFO  - 2016-11-04T07:58:21.183Z] Session [743a5cb0-a264-11e6-92e5-8ba986aa1791] - Session.negotiatedCapabilities - {"browserName":"phantomjs","version":"2.1.1","driverName":"ghostdriver","driverVersion":"1.2.0","platform":"windows-8.1-32bit","javascriptEnabled":true,"takesScreenshot":true,"handlesAlerts":false,"databaseEnabled":false,"locationContextEnabled":false,"applicationCacheEnabled":false,"browserConnectionEnabled":false,"cssSelectorsEnabled":true,"webStorageEnabled":false,"rotatable":false,"acceptSslCerts":false,"nativeEvents":true,"proxy":{"proxyType":"direct"}}
[INFO  - 2016-11-04T07:58:21.183Z] SessionManagerReqHand - _postNewSessionCommand - New Session Created: 743a5cb0-a264-11e6-92e5-8ba986aa1791
[INFO  - 2016-11-04T07:58:32.226Z] ShutdownReqHand - _handle - About to shutdown
[INFO  - 2016-11-04T07:59:09.356Z] GhostDriver - Main - running on port 32512
[INFO  - 2016-11-04T07:59:09.483Z] Session [91043460-a264-11e6-b425-c19b3ba807db] - page.settings - {"XSSAuditingEnabled":false,"javascriptCanCloseWindows":true,"javascriptCanOpenWindows":true,"javascriptEnabled":true,"loadImages":true,"localToRemoteUrlAccessEnabled":false,"userAgent":"Mozilla/5.0 (Windows NT 6.2; WOW64) AppleWebKit/538.1 (KHTML, like Gecko) PhantomJS/2.1.1 Safari/538.1","webSecurityEnabled":true}
[INFO  - 2016-11-04T07:59:09.483Z] Session [91043460-a264-11e6-b425-c19b3ba807db] - page.customHeaders:  - {}
[INFO  - 2016-11-04T07:59:09.483Z] Session [91043460-a264-11e6-b425-c19b3ba807db] - Session.negotiatedCapabilities - {"browserName":"phantomjs","version":"2.1.1","driverName":"ghostdriver","driverVersion":"1.2.0","platform":"windows-8.1-32bit","javascriptEnabled":true,"takesScreenshot":true,"handlesAlerts":false,"databaseEnabled":false,"locationContextEnabled":false,"applicationCacheEnabled":false,"browserConnectionEnabled":false,"cssSelectorsEnabled":true,"webStorageEnabled":false,"rotatable":false,"acceptSslCerts":false,"nativeEvents":true,"proxy":{"proxyType":"direct"}}
[INFO  - 2016-11-04T07:59:09.483Z] SessionManagerReqHand - _postNewSessionCommand - New Session Created: 91043460-a264-11e6-b425-c19b3ba807db
[INFO  - 2016-11-04T07:59:20.343Z] ShutdownReqHand - _handle - About to shutdown
[INFO  - 2016-11-04T07:59:33.995Z] GhostDriver - Main - running on port 5776
[INFO  - 2016-11-04T07:59:34.190Z] Session [9fbe58a0-a264-11e6-8abf-3f9e664e7c85] - page.settings - {"XSSAuditingEnabled":false,"javascriptCanCloseWindows":true,"javascriptCanOpenWindows":true,"javascriptEnabled":true,"loadImages":true,"localToRemoteUrlAccessEnabled":false,"userAgent":"Mozilla/5.0 (Windows NT 6.2; WOW64) AppleWebKit/538.1 (KHTML, like Gecko) PhantomJS/2.1.1 Safari/538.1","webSecurityEnabled":true}
[INFO  - 2016-11-04T07:59:34.190Z] Session [9fbe58a0-a264-11e6-8abf-3f9e664e7c85] - page.customHeaders:  - {}
[INFO  - 2016-11-04T07:59:34.190Z] Session [9fbe58a0-a264-11e6-8abf-3f9e664e7c85] - Session.negotiatedCapabilities - {"browserName":"phantomjs","version":"2.1.1","driverName":"ghostdriver","driverVersion":"1.2.0","platform":"windows-8.1-32bit","javascriptEnabled":true,"takesScreenshot":true,"handlesAlerts":false,"databaseEnabled":false,"locationContextEnabled":false,"applicationCacheEnabled":false,"browserConnectionEnabled":false,"cssSelectorsEnabled":true,"webStorageEnabled":false,"rotatable":false,"acceptSslCerts":false,"nativeEvents":true,"proxy":{"proxyType":"direct"}}
[INFO  - 2016-11-04T07:59:34.190Z] SessionManagerReqHand - _postNewSessionCommand - New Session Created: 9fbe58a0-a264-11e6-8abf-3f9e664e7c85
[INFO  - 2016-11-04T07:59:47.890Z] ShutdownReqHand - _handle - About to shutdown
[INFO  - 2016-11-04T08:00:31.023Z] GhostDriver - Main - running on port 49118
[INFO  - 2016-11-04T08:00:31.205Z] Session [c1ba2510-a264-11e6-aa97-ef03215d69c6] - page.settings - {"XSSAuditingEnabled":false,"javascriptCanCloseWindows":true,"javascriptCanOpenWindows":true,"javascriptEnabled":true,"loadImages":true,"localToRemoteUrlAccessEnabled":false,"userAgent":"Mozilla/5.0 (Windows NT 6.2; WOW64) AppleWebKit/538.1 (KHTML, like Gecko) PhantomJS/2.1.1 Safari/538.1","webSecurityEnabled":true}
[INFO  - 2016-11-04T08:00:31.205Z] Session [c1ba2510-a264-11e6-aa97-ef03215d69c6] - page.customHeaders:  - {}
[INFO  - 2016-11-04T08:00:31.205Z] Session [c1ba2510-a264-11e6-aa97-ef03215d69c6] - Session.negotiatedCapabilities - {"browserName":"phantomjs","version":"2.1.1","driverName":"ghostdriver","driverVersion":"1.2.0","platform":"windows-8.1-32bit","javascriptEnabled":true,"takesScreenshot":true,"handlesAlerts":false,"databaseEnabled":false,"locationContextEnabled":false,"applicationCacheEnabled":false,"browserConnectionEnabled":false,"cssSelectorsEnabled":true,"webStorageEnabled":false,"rotatable":false,"acceptSslCerts":false,"nativeEvents":true,"proxy":{"proxyType":"direct"}}
[INFO  - 2016-11-04T08:00:31.205Z] SessionManagerReqHand - _postNewSessionCommand - New Session Created: c1ba2510-a264-11e6-aa97-ef03215d69c6
[INFO  - 2016-11-04T08:00:31.883Z] ShutdownReqHand - _handle - About to shutdown
[INFO  - 2016-11-04T08:01:12.297Z] GhostDriver - Main - running on port 38969
[INFO  - 2016-11-04T08:01:12.419Z] Session [da4ae6f0-a264-11e6-a9d9-a904d82f584a] - page.settings - {"XSSAuditingEnabled":false,"javascriptCanCloseWindows":true,"javascriptCanOpenWindows":true,"javascriptEnabled":true,"loadImages":true,"localToRemoteUrlAccessEnabled":false,"userAgent":"Mozilla/5.0 (Windows NT 6.2; WOW64) AppleWebKit/538.1 (KHTML, like Gecko) PhantomJS/2.1.1 Safari/538.1","webSecurityEnabled":true}
[INFO  - 2016-11-04T08:01:12.419Z] Session [da4ae6f0-a264-11e6-a9d9-a904d82f584a] - page.customHeaders:  - {}
[INFO  - 2016-11-04T08:01:12.419Z] Session [da4ae6f0-a264-11e6-a9d9-a904d82f584a] - Session.negotiatedCapabilities - {"browserName":"phantomjs","version":"2.1.1","driverName":"ghostdriver","driverVersion":"1.2.0","platform":"windows-8.1-32bit","javascriptEnabled":true,"takesScreenshot":true,"handlesAlerts":false,"databaseEnabled":false,"locationContextEnabled":false,"applicationCacheEnabled":false,"browserConnectionEnabled":false,"cssSelectorsEnabled":true,"webStorageEnabled":false,"rotatable":false,"acceptSslCerts":false,"nativeEvents":true,"proxy":{"proxyType":"direct"}}
[INFO  - 2016-11-04T08:01:12.420Z] SessionManagerReqHand - _postNewSessionCommand - New Session Created: da4ae6f0-a264-11e6-a9d9-a904d82f584a
[INFO  - 2016-11-04T08:01:13.134Z] ShutdownReqHand - _handle - About to shutdown
[INFO  - 2016-11-04T08:02:02.656Z] GhostDriver - Main - running on port 25100
[INFO  - 2016-11-04T08:02:02.805Z] Session [f8530b00-a264-11e6-b581-154bdfaaa102] - page.settings - {"XSSAuditingEnabled":false,"javascriptCanCloseWindows":true,"javascriptCanOpenWindows":true,"javascriptEnabled":true,"loadImages":true,"localToRemoteUrlAccessEnabled":false,"userAgent":"Mozilla/5.0 (Windows NT 6.2; WOW64) AppleWebKit/538.1 (KHTML, like Gecko) PhantomJS/2.1.1 Safari/538.1","webSecurityEnabled":true}
[INFO  - 2016-11-04T08:02:02.805Z] Session [f8530b00-a264-11e6-b581-154bdfaaa102] - page.customHeaders:  - {}
[INFO  - 2016-11-04T08:02:02.805Z] Session [f8530b00-a264-11e6-b581-154bdfaaa102] - Session.negotiatedCapabilities - {"browserName":"phantomjs","version":"2.1.1","driverName":"ghostdriver","driverVersion":"1.2.0","platform":"windows-8.1-32bit","javascriptEnabled":true,"takesScreenshot":true,"handlesAlerts":false,"databaseEnabled":false,"locationContextEnabled":false,"applicationCacheEnabled":false,"browserConnectionEnabled":false,"cssSelectorsEnabled":true,"webStorageEnabled":false,"rotatable":false,"acceptSslCerts":false,"nativeEvents":true,"proxy":{"proxyType":"direct"}}
[INFO  - 2016-11-04T08:02:02.805Z] SessionManagerReqHand - _postNewSessionCommand - New Session Created: f8530b00-a264-11e6-b581-154bdfaaa102
[INFO  - 2016-11-04T08:02:03.383Z] ShutdownReqHand - _handle - About to shutdown
[INFO  - 2016-11-04T08:02:19.495Z] GhostDriver - Main - running on port 19806
[INFO  - 2016-11-04T08:02:19.675Z] Session [02613360-a265-11e6-996f-05db5ceeebbc] - page.settings - {"XSSAuditingEnabled":false,"javascriptCanCloseWindows":true,"javascriptCanOpenWindows":true,"javascriptEnabled":true,"loadImages":true,"localToRemoteUrlAccessEnabled":false,"userAgent":"Mozilla/5.0 (Windows NT 6.2; WOW64) AppleWebKit/538.1 (KHTML, like Gecko) PhantomJS/2.1.1 Safari/538.1","webSecurityEnabled":true}
[INFO  - 2016-11-04T08:02:19.675Z] Session [02613360-a265-11e6-996f-05db5ceeebbc] - page.customHeaders:  - {}
[INFO  - 2016-11-04T08:02:19.675Z] Session [02613360-a265-11e6-996f-05db5ceeebbc] - Session.negotiatedCapabilities - {"browserName":"phantomjs","version":"2.1.1","driverName":"ghostdriver","driverVersion":"1.2.0","platform":"windows-8.1-32bit","javascriptEnabled":true,"takesScreenshot":true,"handlesAlerts":false,"databaseEnabled":false,"locationContextEnabled":false,"applicationCacheEnabled":false,"browserConnectionEnabled":false,"cssSelectorsEnabled":true,"webStorageEnabled":false,"rotatable":false,"acceptSslCerts":false,"nativeEvents":true,"proxy":{"proxyType":"direct"}}
[INFO  - 2016-11-04T08:02:19.675Z] SessionManagerReqHand - _postNewSessionCommand - New Session Created: 02613360-a265-11e6-996f-05db5ceeebbc
[INFO  - 2016-11-04T08:02:20.242Z] ShutdownReqHand - _handle - About to shutdown
[INFO  - 2016-11-04T08:03:31.491Z] GhostDriver - Main - running on port 19288
[INFO  - 2016-11-04T08:03:31.629Z] Session [2d44a990-a265-11e6-b692-518185a9428d] - page.settings - {"XSSAuditingEnabled":false,"javascriptCanCloseWindows":true,"javascriptCanOpenWindows":true,"javascriptEnabled":true,"loadImages":true,"localToRemoteUrlAccessEnabled":false,"userAgent":"Mozilla/5.0 (Windows NT 6.2; WOW64) AppleWebKit/538.1 (KHTML, like Gecko) PhantomJS/2.1.1 Safari/538.1","webSecurityEnabled":true}
[INFO  - 2016-11-04T08:03:31.629Z] Session [2d44a990-a265-11e6-b692-518185a9428d] - page.customHeaders:  - {}
[INFO  - 2016-11-04T08:03:31.630Z] Session [2d44a990-a265-11e6-b692-518185a9428d] - Session.negotiatedCapabilities - {"browserName":"phantomjs","version":"2.1.1","driverName":"ghostdriver","driverVersion":"1.2.0","platform":"windows-8.1-32bit","javascriptEnabled":true,"takesScreenshot":true,"handlesAlerts":false,"databaseEnabled":false,"locationContextEnabled":false,"applicationCacheEnabled":false,"browserConnectionEnabled":false,"cssSelectorsEnabled":true,"webStorageEnabled":false,"rotatable":false,"acceptSslCerts":false,"nativeEvents":true,"proxy":{"proxyType":"direct"}}
[INFO  - 2016-11-04T08:03:31.630Z] SessionManagerReqHand - _postNewSessionCommand - New Session Created: 2d44a990-a265-11e6-b692-518185a9428d
[INFO  - 2016-11-04T08:03:45.779Z] ShutdownReqHand - _handle - About to shutdown
[INFO  - 2016-11-04T08:04:20.901Z] GhostDriver - Main - running on port 47371
[INFO  - 2016-11-04T08:04:21.084Z] Session [4abee580-a265-11e6-b81a-1befd316c22e] - page.settings - {"XSSAuditingEnabled":false,"javascriptCanCloseWindows":true,"javascriptCanOpenWindows":true,"javascriptEnabled":true,"loadImages":true,"localToRemoteUrlAccessEnabled":false,"userAgent":"Mozilla/5.0 (Windows NT 6.2; WOW64) AppleWebKit/538.1 (KHTML, like Gecko) PhantomJS/2.1.1 Safari/538.1","webSecurityEnabled":true}
[INFO  - 2016-11-04T08:04:21.084Z] Session [4abee580-a265-11e6-b81a-1befd316c22e] - page.customHeaders:  - {}
[INFO  - 2016-11-04T08:04:21.084Z] Session [4abee580-a265-11e6-b81a-1befd316c22e] - Session.negotiatedCapabilities - {"browserName":"phantomjs","version":"2.1.1","driverName":"ghostdriver","driverVersion":"1.2.0","platform":"windows-8.1-32bit","javascriptEnabled":true,"takesScreenshot":true,"handlesAlerts":false,"databaseEnabled":false,"locationContextEnabled":false,"applicationCacheEnabled":false,"browserConnectionEnabled":false,"cssSelectorsEnabled":true,"webStorageEnabled":false,"rotatable":false,"acceptSslCerts":false,"nativeEvents":true,"proxy":{"proxyType":"direct"}}
[INFO  - 2016-11-04T08:04:21.085Z] SessionManagerReqHand - _postNewSessionCommand - New Session Created: 4abee580-a265-11e6-b81a-1befd316c22e
[INFO  - 2016-11-04T08:04:22.642Z] ShutdownReqHand - _handle - About to shutdown
[INFO  - 2016-11-04T08:05:06.570Z] GhostDriver - Main - running on port 21270
[INFO  - 2016-11-04T08:05:06.729Z] Session [65f3c550-a265-11e6-be98-eff5779ed7d9] - page.settings - {"XSSAuditingEnabled":false,"javascriptCanCloseWindows":true,"javascriptCanOpenWindows":true,"javascriptEnabled":true,"loadImages":true,"localToRemoteUrlAccessEnabled":false,"userAgent":"Mozilla/5.0 (Windows NT 6.2; WOW64) AppleWebKit/538.1 (KHTML, like Gecko) PhantomJS/2.1.1 Safari/538.1","webSecurityEnabled":true}
[INFO  - 2016-11-04T08:05:06.729Z] Session [65f3c550-a265-11e6-be98-eff5779ed7d9] - page.customHeaders:  - {}
[INFO  - 2016-11-04T08:05:06.729Z] Session [65f3c550-a265-11e6-be98-eff5779ed7d9] - Session.negotiatedCapabilities - {"browserName":"phantomjs","version":"2.1.1","driverName":"ghostdriver","driverVersion":"1.2.0","platform":"windows-8.1-32bit","javascriptEnabled":true,"takesScreenshot":true,"handlesAlerts":false,"databaseEnabled":false,"locationContextEnabled":false,"applicationCacheEnabled":false,"browserConnectionEnabled":false,"cssSelectorsEnabled":true,"webStorageEnabled":false,"rotatable":false,"acceptSslCerts":false,"nativeEvents":true,"proxy":{"proxyType":"direct"}}
[INFO  - 2016-11-04T08:05:06.729Z] SessionManagerReqHand - _postNewSessionCommand - New Session Created: 65f3c550-a265-11e6-be98-eff5779ed7d9
[INFO  - 2016-11-04T08:05:08.333Z] ShutdownReqHand - _handle - About to shutdown
[INFO  - 2016-11-04T08:05:33.475Z] GhostDriver - Main - running on port 40483
[INFO  - 2016-11-04T08:05:33.656Z] Session [76008140-a265-11e6-b2a5-cf0543678d30] - page.settings - {"XSSAuditingEnabled":false,"javascriptCanCloseWindows":true,"javascriptCanOpenWindows":true,"javascriptEnabled":true,"loadImages":true,"localToRemoteUrlAccessEnabled":false,"userAgent":"Mozilla/5.0 (Windows NT 6.2; WOW64) AppleWebKit/538.1 (KHTML, like Gecko) PhantomJS/2.1.1 Safari/538.1","webSecurityEnabled":true}
[INFO  - 2016-11-04T08:05:33.656Z] Session [76008140-a265-11e6-b2a5-cf0543678d30] - page.customHeaders:  - {}
[INFO  - 2016-11-04T08:05:33.657Z] Session [76008140-a265-11e6-b2a5-cf0543678d30] - Session.negotiatedCapabilities - {"browserName":"phantomjs","version":"2.1.1","driverName":"ghostdriver","driverVersion":"1.2.0","platform":"windows-8.1-32bit","javascriptEnabled":true,"takesScreenshot":true,"handlesAlerts":false,"databaseEnabled":false,"locationContextEnabled":false,"applicationCacheEnabled":false,"browserConnectionEnabled":false,"cssSelectorsEnabled":true,"webStorageEnabled":false,"rotatable":false,"acceptSslCerts":false,"nativeEvents":true,"proxy":{"proxyType":"direct"}}
[INFO  - 2016-11-04T08:05:33.657Z] SessionManagerReqHand - _postNewSessionCommand - New Session Created: 76008140-a265-11e6-b2a5-cf0543678d30
[INFO  - 2016-11-04T08:05:34.876Z] ShutdownReqHand - _handle - About to shutdown
[INFO  - 2016-11-04T08:06:22.188Z] GhostDriver - Main - running on port 15298
[INFO  - 2016-11-04T08:06:22.311Z] Session [9300ab30-a265-11e6-9469-7b5cf8f450b9] - page.settings - {"XSSAuditingEnabled":false,"javascriptCanCloseWindows":true,"javascriptCanOpenWindows":true,"javascriptEnabled":true,"loadImages":true,"localToRemoteUrlAccessEnabled":false,"userAgent":"Mozilla/5.0 (Windows NT 6.2; WOW64) AppleWebKit/538.1 (KHTML, like Gecko) PhantomJS/2.1.1 Safari/538.1","webSecurityEnabled":true}
[INFO  - 2016-11-04T08:06:22.311Z] Session [9300ab30-a265-11e6-9469-7b5cf8f450b9] - page.customHeaders:  - {}
[INFO  - 2016-11-04T08:06:22.312Z] Session [9300ab30-a265-11e6-9469-7b5cf8f450b9] - Session.negotiatedCapabilities - {"browserName":"phantomjs","version":"2.1.1","driverName":"ghostdriver","driverVersion":"1.2.0","platform":"windows-8.1-32bit","javascriptEnabled":true,"takesScreenshot":true,"handlesAlerts":false,"databaseEnabled":false,"locationContextEnabled":false,"applicationCacheEnabled":false,"browserConnectionEnabled":false,"cssSelectorsEnabled":true,"webStorageEnabled":false,"rotatable":false,"acceptSslCerts":false,"nativeEvents":true,"proxy":{"proxyType":"direct"}}
[INFO  - 2016-11-04T08:06:22.312Z] SessionManagerReqHand - _postNewSessionCommand - New Session Created: 9300ab30-a265-11e6-9469-7b5cf8f450b9
[INFO  - 2016-11-04T08:06:24.046Z] ShutdownReqHand - _handle - About to shutdown
[INFO  - 2016-11-04T08:07:28.276Z] GhostDriver - Main - running on port 8134
[INFO  - 2016-11-04T08:07:28.461Z] Session [ba6e5b90-a265-11e6-a558-dd13477cf398] - page.settings - {"XSSAuditingEnabled":false,"javascriptCanCloseWindows":true,"javascriptCanOpenWindows":true,"javascriptEnabled":true,"loadImages":true,"localToRemoteUrlAccessEnabled":false,"userAgent":"Mozilla/5.0 (Windows NT 6.2; WOW64) AppleWebKit/538.1 (KHTML, like Gecko) PhantomJS/2.1.1 Safari/538.1","webSecurityEnabled":true}
[INFO  - 2016-11-04T08:07:28.461Z] Session [ba6e5b90-a265-11e6-a558-dd13477cf398] - page.customHeaders:  - {}
[INFO  - 2016-11-04T08:07:28.462Z] Session [ba6e5b90-a265-11e6-a558-dd13477cf398] - Session.negotiatedCapabilities - {"browserName":"phantomjs","version":"2.1.1","driverName":"ghostdriver","driverVersion":"1.2.0","platform":"windows-8.1-32bit","javascriptEnabled":true,"takesScreenshot":true,"handlesAlerts":false,"databaseEnabled":false,"locationContextEnabled":false,"applicationCacheEnabled":false,"browserConnectionEnabled":false,"cssSelectorsEnabled":true,"webStorageEnabled":false,"rotatable":false,"acceptSslCerts":false,"nativeEvents":true,"proxy":{"proxyType":"direct"}}
[INFO  - 2016-11-04T08:07:28.462Z] SessionManagerReqHand - _postNewSessionCommand - New Session Created: ba6e5b90-a265-11e6-a558-dd13477cf398
[INFO  - 2016-11-04T08:07:30.071Z] ShutdownReqHand - _handle - About to shutdown
[INFO  - 2016-11-04T08:08:02.096Z] GhostDriver - Main - running on port 25072
[INFO  - 2016-11-04T08:08:02.255Z] Session [ce92e9b0-a265-11e6-94d5-c578c749447c] - page.settings - {"XSSAuditingEnabled":false,"javascriptCanCloseWindows":true,"javascriptCanOpenWindows":true,"javascriptEnabled":true,"loadImages":true,"localToRemoteUrlAccessEnabled":false,"userAgent":"Mozilla/5.0 (Windows NT 6.2; WOW64) AppleWebKit/538.1 (KHTML, like Gecko) PhantomJS/2.1.1 Safari/538.1","webSecurityEnabled":true}
[INFO  - 2016-11-04T08:08:02.255Z] Session [ce92e9b0-a265-11e6-94d5-c578c749447c] - page.customHeaders:  - {}
[INFO  - 2016-11-04T08:08:02.255Z] Session [ce92e9b0-a265-11e6-94d5-c578c749447c] - Session.negotiatedCapabilities - {"browserName":"phantomjs","version":"2.1.1","driverName":"ghostdriver","driverVersion":"1.2.0","platform":"windows-8.1-32bit","javascriptEnabled":true,"takesScreenshot":true,"handlesAlerts":false,"databaseEnabled":false,"locationContextEnabled":false,"applicationCacheEnabled":false,"browserConnectionEnabled":false,"cssSelectorsEnabled":true,"webStorageEnabled":false,"rotatable":false,"acceptSslCerts":false,"nativeEvents":true,"proxy":{"proxyType":"direct"}}
[INFO  - 2016-11-04T08:08:02.256Z] SessionManagerReqHand - _postNewSessionCommand - New Session Created: ce92e9b0-a265-11e6-94d5-c578c749447c
[INFO  - 2016-11-04T08:08:03.815Z] ShutdownReqHand - _handle - About to shutdown
[INFO  - 2016-11-04T08:08:27.904Z] GhostDriver - Main - running on port 15162
[INFO  - 2016-11-04T08:08:28.038Z] Session [ddf0c800-a265-11e6-9d33-01360546d2d4] - page.settings - {"XSSAuditingEnabled":false,"javascriptCanCloseWindows":true,"javascriptCanOpenWindows":true,"javascriptEnabled":true,"loadImages":true,"localToRemoteUrlAccessEnabled":false,"userAgent":"Mozilla/5.0 (Windows NT 6.2; WOW64) AppleWebKit/538.1 (KHTML, like Gecko) PhantomJS/2.1.1 Safari/538.1","webSecurityEnabled":true}
[INFO  - 2016-11-04T08:08:28.038Z] Session [ddf0c800-a265-11e6-9d33-01360546d2d4] - page.customHeaders:  - {}
[INFO  - 2016-11-04T08:08:28.038Z] Session [ddf0c800-a265-11e6-9d33-01360546d2d4] - Session.negotiatedCapabilities - {"browserName":"phantomjs","version":"2.1.1","driverName":"ghostdriver","driverVersion":"1.2.0","platform":"windows-8.1-32bit","javascriptEnabled":true,"takesScreenshot":true,"handlesAlerts":false,"databaseEnabled":false,"locationContextEnabled":false,"applicationCacheEnabled":false,"browserConnectionEnabled":false,"cssSelectorsEnabled":true,"webStorageEnabled":false,"rotatable":false,"acceptSslCerts":false,"nativeEvents":true,"proxy":{"proxyType":"direct"}}
[INFO  - 2016-11-04T08:08:28.039Z] SessionManagerReqHand - _postNewSessionCommand - New Session Created: ddf0c800-a265-11e6-9d33-01360546d2d4
[INFO  - 2016-11-04T08:08:28.522Z] ShutdownReqHand - _handle - About to shutdown
[INFO  - 2016-11-04T08:10:33.433Z] GhostDriver - Main - running on port 27649
[INFO  - 2016-11-04T08:10:33.609Z] Session [28c9b350-a266-11e6-a7f2-9bcbb4dd3232] - page.settings - {"XSSAuditingEnabled":false,"javascriptCanCloseWindows":true,"javascriptCanOpenWindows":true,"javascriptEnabled":true,"loadImages":true,"localToRemoteUrlAccessEnabled":false,"userAgent":"Mozilla/5.0 (Windows NT 6.2; WOW64) AppleWebKit/538.1 (KHTML, like Gecko) PhantomJS/2.1.1 Safari/538.1","webSecurityEnabled":true}
[INFO  - 2016-11-04T08:10:33.609Z] Session [28c9b350-a266-11e6-a7f2-9bcbb4dd3232] - page.customHeaders:  - {}
[INFO  - 2016-11-04T08:10:33.609Z] Session [28c9b350-a266-11e6-a7f2-9bcbb4dd3232] - Session.negotiatedCapabilities - {"browserName":"phantomjs","version":"2.1.1","driverName":"ghostdriver","driverVersion":"1.2.0","platform":"windows-8.1-32bit","javascriptEnabled":true,"takesScreenshot":true,"handlesAlerts":false,"databaseEnabled":false,"locationContextEnabled":false,"applicationCacheEnabled":false,"browserConnectionEnabled":false,"cssSelectorsEnabled":true,"webStorageEnabled":false,"rotatable":false,"acceptSslCerts":false,"nativeEvents":true,"proxy":{"proxyType":"direct"}}
[INFO  - 2016-11-04T08:10:33.609Z] SessionManagerReqHand - _postNewSessionCommand - New Session Created: 28c9b350-a266-11e6-a7f2-9bcbb4dd3232
[INFO  - 2016-11-04T08:10:35.603Z] ShutdownReqHand - _handle - About to shutdown
[INFO  - 2016-11-04T08:11:01.994Z] GhostDriver - Main - running on port 14671
[INFO  - 2016-11-04T08:11:02.178Z] Session [39d0fbe0-a266-11e6-995f-c9ccc81d880c] - page.settings - {"XSSAuditingEnabled":false,"javascriptCanCloseWindows":true,"javascriptCanOpenWindows":true,"javascriptEnabled":true,"loadImages":true,"localToRemoteUrlAccessEnabled":false,"userAgent":"Mozilla/5.0 (Windows NT 6.2; WOW64) AppleWebKit/538.1 (KHTML, like Gecko) PhantomJS/2.1.1 Safari/538.1","webSecurityEnabled":true}
[INFO  - 2016-11-04T08:11:02.178Z] Session [39d0fbe0-a266-11e6-995f-c9ccc81d880c] - page.customHeaders:  - {}
[INFO  - 2016-11-04T08:11:02.178Z] Session [39d0fbe0-a266-11e6-995f-c9ccc81d880c] - Session.negotiatedCapabilities - {"browserName":"phantomjs","version":"2.1.1","driverName":"ghostdriver","driverVersion":"1.2.0","platform":"windows-8.1-32bit","javascriptEnabled":true,"takesScreenshot":true,"handlesAlerts":false,"databaseEnabled":false,"locationContextEnabled":false,"applicationCacheEnabled":false,"browserConnectionEnabled":false,"cssSelectorsEnabled":true,"webStorageEnabled":false,"rotatable":false,"acceptSslCerts":false,"nativeEvents":true,"proxy":{"proxyType":"direct"}}
[INFO  - 2016-11-04T08:11:02.178Z] SessionManagerReqHand - _postNewSessionCommand - New Session Created: 39d0fbe0-a266-11e6-995f-c9ccc81d880c
[INFO  - 2016-11-04T08:11:03.321Z] ShutdownReqHand - _handle - About to shutdown
